<?xml version="1.0" encoding="UTF-8"?>
<!-- Generated by org.testng.reporters.JUnitXMLReporter -->
<testsuite ignored="0" hostname="IN-4DJ9WP3" failures="0" tests="4" name="Default test" time="13.002" errors="0" timestamp="2023-09-10T16:59:13 IST">
  <testcase classname="testCase.testCase1" name="create_token_from_Auth" time="3.038"/>
  <testcase classname="testCase.testCase1" name="booking_create" time="3.052"/>
  <testcase classname="testCase.testCase1" name="booking_update" time="2.984"/>
  <testcase classname="testCase.testCase1" name="get_booking_by_id" time="2.978"/>
</testsuite> <!-- Default test -->
