<?xml version="1.0" encoding="UTF-8"?>
<!-- Generated by org.testng.reporters.JUnitXMLReporter -->
<testsuite ignored="0" hostname="IN-4DJ9WP3" failures="0" tests="8" name="Test" time="23.359" errors="0" timestamp="2023-09-23T20:40:17 IST">
  <testcase classname="testCase.testCase1" name="create_token_from_Auth" time="2.906"/>
  <testcase classname="testCase.testCase1" name="booking_create" time="2.653"/>
  <testcase classname="testCase.testCase1" name="booking_update" time="2.523"/>
  <testcase classname="testCase.testCase1" name="get_booking_by_id" time="2.688"/>
  <testcase classname="testCase.testCase2" name="create_token_from_Auth" time="2.161"/>
  <testcase classname="testCase.testCase2" name="booking_create" time="2.775"/>
  <testcase classname="testCase.testCase2" name="booking_partial_update" time="3.725"/>
  <testcase classname="testCase.testCase2" name="booking_delete_data" time="2.884"/>
</testsuite> <!-- Test -->
