<?xml version="1.0" encoding="UTF-8"?>
<!-- Generated by org.testng.reporters.JUnitXMLReporter -->
<testsuite ignored="0" hostname="DESKTOP-3689HFM" failures="0" tests="8" name="Test" time="17.225" errors="0" timestamp="2023-09-29T11:37:20 IST">
  <testcase classname="testCase.testCase1" name="create_token_from_Auth" time="3.327"/>
  <testcase classname="testCase.testCase1" name="booking_create" time="1.459"/>
  <testcase classname="testCase.testCase1" name="booking_update" time="1.505"/>
  <testcase classname="testCase.testCase1" name="get_booking_by_id" time="1.456"/>
  <testcase classname="testCase.testCase2" name="create_token_from_Auth" time="1.465"/>
  <testcase classname="testCase.testCase2" name="booking_create" time="2.003"/>
  <testcase classname="testCase.testCase2" name="booking_partial_update" time="1.843"/>
  <testcase classname="testCase.testCase2" name="booking_delete_data" time="2.524"/>
</testsuite> <!-- Test -->
