<?xml version="1.0" encoding="UTF-8"?>
<!-- Generated by org.testng.reporters.JUnitXMLReporter -->
<testsuite ignored="0" hostname="DESKTOP-3689HFM" failures="0" tests="8" name="Test" time="14.253" errors="0" timestamp="2023-10-02T11:39:11 IST">
  <testcase classname="testCase.testCase1" name="create_token_from_Auth" time="3.155"/>
  <testcase classname="testCase.testCase1" name="booking_create" time="1.439"/>
  <testcase classname="testCase.testCase1" name="booking_update" time="1.359"/>
  <testcase classname="testCase.testCase1" name="get_booking_by_id" time="1.35"/>
  <testcase classname="testCase.testCase2" name="create_token_from_Auth" time="1.391"/>
  <testcase classname="testCase.testCase2" name="booking_create" time="1.402"/>
  <testcase classname="testCase.testCase2" name="booking_partial_update" time="1.422"/>
  <testcase classname="testCase.testCase2" name="booking_delete_data" time="1.437"/>
</testsuite> <!-- Test -->
