<?xml version="1.0" encoding="UTF-8"?>
<testsuite xmlns:xsi="http://www.w3.org/2001/XMLSchema-instance" xsi:noNamespaceSchemaLocation="https://maven.apache.org/surefire/maven-surefire-plugin/xsd/surefire-test-report-3.0.xsd" version="3.0" name="TestSuite" time="15.849" tests="8" errors="0" skipped="0" failures="0">
  <properties>
[...]
</properties>
  <testcase name="create_token_from_Auth" classname="testCase.testCase1" time="3.157">
    <system-out><![CDATA[2023-10-02 11:38:58.486 [main] INFO  testCase.testCase1 - ******* create_token_from_Auth *******
HTTP/1.1 200 OK
Server: Cowboy
Connection: keep-alive
X-Powered-By: Express
Content-Type: application/json; charset=utf-8
Content-Length: 27
Etag: W/"1b-C8bMj9EF8ngAPcf7psxfNFE/ZEA"
Date: Mon, 02 Oct 2023 06:09:00 GMT
Via: 1.1 vegur

{
    "token": "e4385bbdcb2cde8"
}
2023-10-02 11:39:01.632 [main] INFO  testCase.testCase1 - ******* Verifying that tokken is Not Null *******
]]></system-out>
    <system-err><![CDATA[SLF4J: Failed to load class "org.slf4j.impl.StaticLoggerBinder".
SLF4J: Defaulting to no-operation (NOP) logger implementation
SLF4J: See http://www.slf4j.org/codes.html#StaticLoggerBinder for further details.
]]></system-err>
  </testcase>
  <testcase name="booking_create" classname="testCase.testCase1" time="1.439">
    <system-out><![CDATA[2023-10-02 11:39:01.891 [main] INFO  testCase.testCase1 - ******* Create a BookingPayload instance with data *******
HTTP/1.1 200 OK
Server: Cowboy
Connection: keep-alive
X-Powered-By: Express
Content-Type: application/json; charset=utf-8
Content-Length: 201
Etag: W/"c9-TBzjO/DkOewnFS3EJzY8UvvXn7k"
Date: Mon, 02 Oct 2023 06:09:02 GMT
Via: 1.1 vegur

{
    "bookingid": 252,
    "booking": {
        "firstname": "Abhishek",
        "lastname": "Kumar",
        "totalprice": 111,
        "depositpaid": true,
        "bookingdates": {
            "checkin": "2018-01-01",
            "checkout": "2019-01-01"
        },
        "additionalneeds": "Breakfast"
    }
}
2023-10-02 11:39:03.329 [main] INFO  testCase.testCase1 - ******* Verifying that Last Name is the same as input or not *******
]]></system-out>
  </testcase>
  <testcase name="booking_update" classname="testCase.testCase1" time="1.36">
    <system-out><![CDATA[2023-10-02 11:39:03.361 [main] INFO  testCase.testCase1 - ******* Updating the Created Booking Data  *******
HTTP/1.1 200 OK
Server: Cowboy
Connection: keep-alive
X-Powered-By: Express
Content-Type: application/json; charset=utf-8
Content-Length: 173
Etag: W/"ad-vNBobfw239PbwlCkWS0wqfP8mIA"
Date: Mon, 02 Oct 2023 06:09:03 GMT
Via: 1.1 vegur

{
    "firstname": "Abhishek",
    "lastname": "Singh",
    "totalprice": 111,
    "depositpaid": true,
    "bookingdates": {
        "checkin": "2018-01-01",
        "checkout": "2019-01-01"
    },
    "additionalneeds": "Breakfast"
}
2023-10-02 11:39:04.719 [main] INFO  testCase.testCase1 - ******* Verifying that Last Name is same as updated data or not  *******
]]></system-out>
  </testcase>
  <testcase name="get_booking_by_id" classname="testCase.testCase1" time="1.352">
    <system-out><![CDATA[2023-10-02 11:39:04.747 [main] INFO  testCase.testCase1 - ******* Featching the Booking Details by id  *******
HTTP/1.1 200 OK
Server: Cowboy
Connection: keep-alive
X-Powered-By: Express
Content-Type: application/json; charset=utf-8
Content-Length: 173
Etag: W/"ad-vNBobfw239PbwlCkWS0wqfP8mIA"
Date: Mon, 02 Oct 2023 06:09:05 GMT
Via: 1.1 vegur

{
    "firstname": "Abhishek",
    "lastname": "Singh",
    "totalprice": 111,
    "depositpaid": true,
    "bookingdates": {
        "checkin": "2018-01-01",
        "checkout": "2019-01-01"
    },
    "additionalneeds": "Breakfast"
}
HTTP/1.1 200 OK
Server: Cowboy
Connection: keep-alive
X-Powered-By: Express
Content-Type: application/json; charset=utf-8
Content-Length: 173
Etag: W/"ad-vNBobfw239PbwlCkWS0wqfP8mIA"
Date: Mon, 02 Oct 2023 06:09:05 GMT
Via: 1.1 vegur

{
    "firstname": "Abhishek",
    "lastname": "Singh",
    "totalprice": 111,
    "depositpaid": true,
    "bookingdates": {
        "checkin": "2018-01-01",
        "checkout": "2019-01-01"
    },
    "additionalneeds": "Breakfast"
}
2023-10-02 11:39:06.097 [main] INFO  testCase.testCase1 - ******* Verifying that totalprice is same as input data or not  *******
]]></system-out>
  </testcase>
  <testcase name="create_token_from_Auth" classname="testCase.testCase2" time="1.392">
    <system-out><![CDATA[2023-10-02 11:39:06.126 [main] INFO  testCase.testCase2 - ******* create_token_from_Auth *******
HTTP/1.1 200 OK
Server: Cowboy
Connection: keep-alive
X-Powered-By: Express
Content-Type: application/json; charset=utf-8
Content-Length: 27
Etag: W/"1b-fZnNgyzCr9K4J12hMXc3apXtJsQ"
Date: Mon, 02 Oct 2023 06:09:06 GMT
Via: 1.1 vegur

{
    "token": "8f6ef044eba68ea"
}
2023-10-02 11:39:07.516 [main] INFO  testCase.testCase2 - ******* Verifying that tokken is Not Null *******
]]></system-out>
  </testcase>
  <testcase name="booking_create" classname="testCase.testCase2" time="1.403">
    <system-out><![CDATA[2023-10-02 11:39:07.539 [main] INFO  testCase.testCase2 - ******* Create a BookingPayload instance with data *******
HTTP/1.1 200 OK
Server: Cowboy
Connection: keep-alive
X-Powered-By: Express
Content-Type: application/json; charset=utf-8
Content-Length: 201
Etag: W/"c9-YO1SAGDapC5r3J9fKHUwRo/rMic"
Date: Mon, 02 Oct 2023 06:09:07 GMT
Via: 1.1 vegur

{
    "bookingid": 302,
    "booking": {
        "firstname": "Abhishek",
        "lastname": "Kumar",
        "totalprice": 111,
        "depositpaid": true,
        "bookingdates": {
            "checkin": "2018-01-01",
            "checkout": "2019-01-01"
        },
        "additionalneeds": "Breakfast"
    }
}
2023-10-02 11:39:08.940 [main] INFO  testCase.testCase2 - ******* Verifying that Last Name is the same as input or not *******
]]></system-out>
  </testcase>
  <testcase name="booking_partial_update" classname="testCase.testCase2" time="1.425">
    <system-out><![CDATA[2023-10-02 11:39:08.967 [main] INFO  testCase.testCase2 - ******* booking_partial_update *******
HTTP/1.1 200 OK
Server: Cowboy
Connection: keep-alive
X-Powered-By: Express
Content-Type: application/json; charset=utf-8
Content-Length: 170
Etag: W/"aa-R4PnofgSrULzAzvoIS+bFteXt0Y"
Date: Mon, 02 Oct 2023 06:09:09 GMT
Via: 1.1 vegur

{
    "firstname": "James",
    "lastname": "Kumar",
    "totalprice": 111,
    "depositpaid": true,
    "bookingdates": {
        "checkin": "2018-01-01",
        "checkout": "2019-01-01"
    },
    "additionalneeds": "Breakfast"
}
HTTP/1.1 200 OK
Server: Cowboy
Connection: keep-alive
X-Powered-By: Express
Content-Type: application/json; charset=utf-8
Content-Length: 170
Etag: W/"aa-R4PnofgSrULzAzvoIS+bFteXt0Y"
Date: Mon, 02 Oct 2023 06:09:09 GMT
Via: 1.1 vegur

{
    "firstname": "James",
    "lastname": "Kumar",
    "totalprice": 111,
    "depositpaid": true,
    "bookingdates": {
        "checkin": "2018-01-01",
        "checkout": "2019-01-01"
    },
    "additionalneeds": "Breakfast"
}
2023-10-02 11:39:10.388 [main] INFO  testCase.testCase2 - ******* Verifying that FName  is same as the updated or not *******
]]></system-out>
  </testcase>
  <testcase name="booking_delete_data" classname="testCase.testCase2" time="1.437">
    <system-out><![CDATA[2023-10-02 11:39:10.412 [main] INFO  testCase.testCase2 - ******* booking_delete_data *******
HTTP/1.1 201 Created
Server: Cowboy
Connection: keep-alive
X-Powered-By: Express
Content-Type: text/plain; charset=utf-8
Content-Length: 7
Etag: W/"7-rM9AyJuqT6iOan/xHh+AW+7K/T8"
Date: Mon, 02 Oct 2023 06:09:10 GMT
Via: 1.1 vegur

Created
HTTP/1.1 201 Created
Server: Cowboy
Connection: keep-alive
X-Powered-By: Express
Content-Type: text/plain; charset=utf-8
Content-Length: 7
Etag: W/"7-rM9AyJuqT6iOan/xHh+AW+7K/T8"
Date: Mon, 02 Oct 2023 06:09:10 GMT
Via: 1.1 vegur

Created
2023-10-02 11:39:11.848 [main] INFO  testCase.testCase2 - ******* The data is deleted after processing *******
]]></system-out>
  </testcase>
</testsuite>