<?xml version="1.0" encoding="UTF-8"?>
<testsuite xmlns:xsi="http://www.w3.org/2001/XMLSchema-instance" xsi:noNamespaceSchemaLocation="https://maven.apache.org/surefire/maven-surefire-plugin/xsd/surefire-test-report-3.0.xsd" version="3.0" name="TestSuite" time="22.907" tests="8" errors="0" skipped="0" failures="1">
  <properties>
[...]
</properties>
  <testcase name="create_token_from_Auth" classname="testCase.testCase1" time="3.726">
    <system-out><![CDATA[2023-10-02 11:42:05.131 [main] INFO  testCase.testCase1 - ******* create_token_from_Auth *******
HTTP/1.1 200 OK
Server: Cowboy
Connection: keep-alive
X-Powered-By: Express
Content-Type: application/json; charset=utf-8
Content-Length: 27
Etag: W/"1b-fq/Zn3HsGGYSDj9sQbrQreNZGf0"
Date: Mon, 02 Oct 2023 06:12:07 GMT
Via: 1.1 vegur

{
    "token": "059603b84086299"
}
2023-10-02 11:42:08.850 [main] INFO  testCase.testCase1 - ******* Verifying that tokken is Not Null *******
]]></system-out>
    <system-err><![CDATA[SLF4J: Failed to load class "org.slf4j.impl.StaticLoggerBinder".
SLF4J: Defaulting to no-operation (NOP) logger implementation
SLF4J: See http://www.slf4j.org/codes.html#StaticLoggerBinder for further details.
]]></system-err>
  </testcase>
  <testcase name="booking_create" classname="testCase.testCase1" time="1.463">
    <system-out><![CDATA[2023-10-02 11:42:09.115 [main] INFO  testCase.testCase1 - ******* Create a BookingPayload instance with data *******
HTTP/1.1 200 OK
Server: Cowboy
Connection: keep-alive
X-Powered-By: Express
Content-Type: application/json; charset=utf-8
Content-Length: 202
Etag: W/"ca-vt8elgDmdByChHQsWpqWmfMpXZM"
Date: Mon, 02 Oct 2023 06:12:09 GMT
Via: 1.1 vegur

{
    "bookingid": 1835,
    "booking": {
        "firstname": "Abhishek",
        "lastname": "Kumar",
        "totalprice": 111,
        "depositpaid": true,
        "bookingdates": {
            "checkin": "2018-01-01",
            "checkout": "2019-01-01"
        },
        "additionalneeds": "Breakfast"
    }
}
2023-10-02 11:42:10.576 [main] INFO  testCase.testCase1 - ******* Verifying that Last Name is the same as input or not *******
]]></system-out>
  </testcase>
  <testcase name="booking_update" classname="testCase.testCase1" time="1.441">
    <system-out><![CDATA[2023-10-02 11:42:10.618 [main] INFO  testCase.testCase1 - ******* Updating the Created Booking Data  *******
HTTP/1.1 200 OK
Server: Cowboy
Report-To: {"group":"heroku-nel","max_age":3600,"endpoints":[{"url":"https://nel.heroku.com/reports?ts=1696227130&s=dwQDPp7CUw7%2B8y0y6xYFHBStFKYR6kOfHKtiEKfbQdc%3D"}]}
Reporting-Endpoints: heroku-nel=https://nel.heroku.com/reports?ts=1696227130&s=dwQDPp7CUw7%2B8y0y6xYFHBStFKYR6kOfHKtiEKfbQdc%3D
Nel: {"report_to":"heroku-nel","max_age":3600,"success_fraction":0.005,"failure_fraction":0.05,"response_headers":["Via"]}
Connection: keep-alive
X-Powered-By: Express
Content-Type: application/json; charset=utf-8
Content-Length: 173
Etag: W/"ad-vNBobfw239PbwlCkWS0wqfP8mIA"
Date: Mon, 02 Oct 2023 06:12:10 GMT
Via: 1.1 vegur

{
    "firstname": "Abhishek",
    "lastname": "Singh",
    "totalprice": 111,
    "depositpaid": true,
    "bookingdates": {
        "checkin": "2018-01-01",
        "checkout": "2019-01-01"
    },
    "additionalneeds": "Breakfast"
}
2023-10-02 11:42:12.048 [main] INFO  testCase.testCase1 - ******* Verifying that Last Name is same as updated data or not  *******
]]></system-out>
  </testcase>
  <testcase name="get_booking_by_id" classname="testCase.testCase1" time="5.526">
    <failure message="1 expectation failed.&#10;Expected status code &lt;200&gt; but was &lt;404&gt;.&#10;" type="java.lang.AssertionError"><![CDATA[java.lang.AssertionError: 
1 expectation failed.
Expected status code <200> but was <404>.

	at testCase.testCase1.get_booking_by_id(testCase1.java:121)
]]></failure>
    <system-out><![CDATA[2023-10-02 11:42:12.127 [main] INFO  testCase.testCase1 - ******* Featching the Booking Details by id  *******
HTTP/1.1 404 Not Found
Server: Cowboy
Connection: keep-alive
X-Powered-By: Express
Content-Type: text/plain; charset=utf-8
Content-Length: 9
Etag: W/"9-0gXL1ngzMqISxa6S1zx3F4wtLyg"
Date: Mon, 02 Oct 2023 06:12:16 GMT
Via: 1.1 vegur

Not Found
]]></system-out>
  </testcase>
  <testcase name="create_token_from_Auth" classname="testCase.testCase2" time="1.665">
    <system-out><![CDATA[2023-10-02 11:42:17.720 [main] INFO  testCase.testCase2 - ******* create_token_from_Auth *******
HTTP/1.1 200 OK
Server: Cowboy
Report-To: {"group":"heroku-nel","max_age":3600,"endpoints":[{"url":"https://nel.heroku.com/reports?ts=1696227138&s=BonuoiX0j4Y42pW2LCqL%2FGdB8CzhptbAoenqFpVgkbM%3D"}]}
Reporting-Endpoints: heroku-nel=https://nel.heroku.com/reports?ts=1696227138&s=BonuoiX0j4Y42pW2LCqL%2FGdB8CzhptbAoenqFpVgkbM%3D
Nel: {"report_to":"heroku-nel","max_age":3600,"success_fraction":0.005,"failure_fraction":0.05,"response_headers":["Via"]}
Connection: keep-alive
X-Powered-By: Express
Content-Type: application/json; charset=utf-8
Content-Length: 27
Etag: W/"1b-dIkNjr/gAJKlX31J1fFDPh0m6mI"
Date: Mon, 02 Oct 2023 06:12:18 GMT
Via: 1.1 vegur

{
    "token": "3d4def99a8c97b8"
}
2023-10-02 11:42:19.385 [main] INFO  testCase.testCase2 - ******* Verifying that tokken is Not Null *******
]]></system-out>
  </testcase>
  <testcase name="booking_create" classname="testCase.testCase2" time="1.358">
    <system-out><![CDATA[2023-10-02 11:42:19.417 [main] INFO  testCase.testCase2 - ******* Create a BookingPayload instance with data *******
HTTP/1.1 200 OK
Server: Cowboy
Connection: keep-alive
X-Powered-By: Express
Content-Type: application/json; charset=utf-8
Content-Length: 200
Etag: W/"c8-UX0rRt4Ki9k30hkECt449h+X+I0"
Date: Mon, 02 Oct 2023 06:12:19 GMT
Via: 1.1 vegur

{
    "bookingid": 51,
    "booking": {
        "firstname": "Abhishek",
        "lastname": "Kumar",
        "totalprice": 111,
        "depositpaid": true,
        "bookingdates": {
            "checkin": "2018-01-01",
            "checkout": "2019-01-01"
        },
        "additionalneeds": "Breakfast"
    }
}
2023-10-02 11:42:20.773 [main] INFO  testCase.testCase2 - ******* Verifying that Last Name is the same as input or not *******
]]></system-out>
  </testcase>
  <testcase name="booking_partial_update" classname="testCase.testCase2" time="1.392">
    <system-out><![CDATA[2023-10-02 11:42:20.799 [main] INFO  testCase.testCase2 - ******* booking_partial_update *******
HTTP/1.1 200 OK
Server: Cowboy
Connection: keep-alive
X-Powered-By: Express
Content-Type: application/json; charset=utf-8
Content-Length: 170
Etag: W/"aa-R4PnofgSrULzAzvoIS+bFteXt0Y"
Date: Mon, 02 Oct 2023 06:12:21 GMT
Via: 1.1 vegur

{
    "firstname": "James",
    "lastname": "Kumar",
    "totalprice": 111,
    "depositpaid": true,
    "bookingdates": {
        "checkin": "2018-01-01",
        "checkout": "2019-01-01"
    },
    "additionalneeds": "Breakfast"
}
HTTP/1.1 200 OK
Server: Cowboy
Connection: keep-alive
X-Powered-By: Express
Content-Type: application/json; charset=utf-8
Content-Length: 170
Etag: W/"aa-R4PnofgSrULzAzvoIS+bFteXt0Y"
Date: Mon, 02 Oct 2023 06:12:21 GMT
Via: 1.1 vegur

{
    "firstname": "James",
    "lastname": "Kumar",
    "totalprice": 111,
    "depositpaid": true,
    "bookingdates": {
        "checkin": "2018-01-01",
        "checkout": "2019-01-01"
    },
    "additionalneeds": "Breakfast"
}
2023-10-02 11:42:22.191 [main] INFO  testCase.testCase2 - ******* Verifying that FName  is same as the updated or not *******
]]></system-out>
  </testcase>
  <testcase name="booking_delete_data" classname="testCase.testCase2" time="1.407">
    <system-out><![CDATA[2023-10-02 11:42:22.222 [main] INFO  testCase.testCase2 - ******* booking_delete_data *******
HTTP/1.1 201 Created
Server: Cowboy
Connection: keep-alive
X-Powered-By: Express
Content-Type: text/plain; charset=utf-8
Content-Length: 7
Etag: W/"7-rM9AyJuqT6iOan/xHh+AW+7K/T8"
Date: Mon, 02 Oct 2023 06:12:22 GMT
Via: 1.1 vegur

Created
HTTP/1.1 201 Created
Server: Cowboy
Connection: keep-alive
X-Powered-By: Express
Content-Type: text/plain; charset=utf-8
Content-Length: 7
Etag: W/"7-rM9AyJuqT6iOan/xHh+AW+7K/T8"
Date: Mon, 02 Oct 2023 06:12:22 GMT
Via: 1.1 vegur

Created
2023-10-02 11:42:23.629 [main] INFO  testCase.testCase2 - ******* The data is deleted after processing *******
]]></system-out>
  </testcase>
</testsuite>