<?xml version="1.0" encoding="UTF-8"?>
<testng-results ignored="0" total="1" passed="1" failed="0" skipped="0">
  <reporter-output>
  </reporter-output>
  <suite started-at="2023-10-02T11:35:26 IST" name="Default suite" finished-at="2023-10-02T11:35:30 IST" duration-ms="4098">
    <groups>
    </groups>
    <test started-at="2023-10-02T11:35:26 IST" name="Default test" finished-at="2023-10-02T11:35:30 IST" duration-ms="4098">
      <class name="testCase.testCase1">
        <test-method is-config="true" signature="startTest(java.lang.reflect.Method)[pri:0, instance:testCase.testCase1@329a1243]" started-at="2023-10-02T11:35:26 IST" name="startTest" finished-at="2023-10-02T11:35:27 IST" duration-ms="926" status="PASS">
          <params>
            <param index="0">
              <value>
                <![CDATA[public void testCase.testCase1.create_token_from_Auth() throws java.lang.Exception]]>
              </value>
            </param>
          </params>
          <reporter-output>
          </reporter-output>
        </test-method> <!-- startTest -->
        <test-method signature="create_token_from_Auth()[pri:1, instance:testCase.testCase1@329a1243]" started-at="2023-10-02T11:35:27 IST" name="create_token_from_Auth" finished-at="2023-10-02T11:35:30 IST" duration-ms="2830" status="PASS">
          <reporter-output>
          </reporter-output>
        </test-method> <!-- create_token_from_Auth -->
        <test-method is-config="true" signature="status(org.testng.ITestResult)[pri:0, instance:testCase.testCase1@329a1243]" started-at="2023-10-02T11:35:30 IST" name="status" finished-at="2023-10-02T11:35:30 IST" duration-ms="279" status="PASS">
          <params>
            <param index="0">
              <value>
                <![CDATA[[TestResult name=create_token_from_Auth status=SUCCESS method=testCase1.create_token_from_Auth()[pri:1, instance:testCase.testCase1@329a1243] output={null}]]]>
              </value>
            </param>
          </params>
          <reporter-output>
          </reporter-output>
        </test-method> <!-- status -->
      </class> <!-- testCase.testCase1 -->
    </test> <!-- Default test -->
  </suite> <!-- Default suite -->
</testng-results>
